<?xml version="1.0" encoding="UTF-8"?>
<testng-results ignored="0" total="2" passed="2" failed="0" skipped="0">
  <reporter-output>
  </reporter-output>
  <suite started-at="2021-03-12T13:42:40 IST" name="Suite" finished-at="2021-03-12T13:43:01 IST" duration-ms="20901">
    <groups>
    </groups>
    <test started-at="2021-03-12T13:42:40 IST" name="Test" finished-at="2021-03-12T13:43:01 IST" duration-ms="20901">
      <class name="selenium.testng.firstTest">
        <test-method is-config="true" signature="start()[pri:0, instance:selenium.testng.firstTest@c86b9e3]" started-at="2021-03-12T13:42:40 IST" name="start" finished-at="2021-03-12T13:42:48 IST" duration-ms="7934" status="PASS">
          <reporter-output>
          </reporter-output>
        </test-method> <!-- start -->
        <test-method signature="firsttest()[pri:0, instance:selenium.testng.firstTest@c86b9e3]" started-at="2021-03-12T13:42:55 IST" name="firsttest" finished-at="2021-03-12T13:42:58 IST" duration-ms="3442" status="PASS">
          <reporter-output>
          </reporter-output>
        </test-method> <!-- firsttest -->
        <test-method is-config="true" signature="end()[pri:0, instance:selenium.testng.firstTest@c86b9e3]" started-at="2021-03-12T13:42:58 IST" name="end" finished-at="2021-03-12T13:43:00 IST" duration-ms="1556" status="PASS">
          <reporter-output>
          </reporter-output>
        </test-method> <!-- end -->
      </class> <!-- selenium.testng.firstTest -->
      <class name="selenium.testng.secondTest">
        <test-method is-config="true" signature="start()[pri:0, instance:selenium.testng.secondTest@6aaceffd]" started-at="2021-03-12T13:42:48 IST" name="start" finished-at="2021-03-12T13:42:55 IST" duration-ms="6540" status="PASS">
          <reporter-output>
          </reporter-output>
        </test-method> <!-- start -->
        <test-method signature="firsttest()[pri:0, instance:selenium.testng.secondTest@6aaceffd]" started-at="2021-03-12T13:42:55 IST" name="firsttest" finished-at="2021-03-12T13:42:58 IST" duration-ms="2936" status="PASS">
          <reporter-output>
          </reporter-output>
        </test-method> <!-- firsttest -->
        <test-method is-config="true" signature="end()[pri:0, instance:selenium.testng.secondTest@6aaceffd]" started-at="2021-03-12T13:43:00 IST" name="end" finished-at="2021-03-12T13:43:01 IST" duration-ms="1314" status="PASS">
          <reporter-output>
          </reporter-output>
        </test-method> <!-- end -->
      </class> <!-- selenium.testng.secondTest -->
    </test> <!-- Test -->
  </suite> <!-- Suite -->
</testng-results>
