<?xml version="1.0" encoding="UTF-8"?>
<testng-results ignored="0" total="1" passed="1" failed="0" skipped="0">
  <reporter-output>
  </reporter-output>
  <suite started-at="2021-06-08T11:09:21 IST" name="Default suite" finished-at="2021-06-08T11:09:33 IST" duration-ms="11837">
    <groups>
    </groups>
    <test started-at="2021-06-08T11:09:21 IST" name="Default test" finished-at="2021-06-08T11:09:33 IST" duration-ms="11837">
      <class name="selenium.testng.firstTest">
        <test-method is-config="true" signature="start()[pri:0, instance:selenium.testng.firstTest@343570b7]" started-at="2021-06-08T11:09:21 IST" name="start" finished-at="2021-06-08T11:09:29 IST" duration-ms="8332" status="PASS">
          <reporter-output>
          </reporter-output>
        </test-method> <!-- start -->
        <test-method signature="firsttest()[pri:0, instance:selenium.testng.firstTest@343570b7]" started-at="2021-06-08T11:09:29 IST" name="firsttest" finished-at="2021-06-08T11:09:31 IST" duration-ms="1537" status="PASS">
          <reporter-output>
          </reporter-output>
        </test-method> <!-- firsttest -->
        <test-method is-config="true" signature="end()[pri:0, instance:selenium.testng.firstTest@343570b7]" started-at="2021-06-08T11:09:31 IST" name="end" finished-at="2021-06-08T11:09:33 IST" duration-ms="1877" status="PASS">
          <reporter-output>
          </reporter-output>
        </test-method> <!-- end -->
      </class> <!-- selenium.testng.firstTest -->
    </test> <!-- Default test -->
  </suite> <!-- Default suite -->
</testng-results>
